{"timestamp":"2025-11-02T12:24:56.959Z","level":"info","message":"🚀 Server running on port 3001"}
{"timestamp":"2025-11-02T12:24:56.960Z","level":"info","message":"📱 Frontend URL: http://localhost:5173"}
{"timestamp":"2025-11-02T12:24:56.960Z","level":"info","message":"🌍 Environment: development"}
{"timestamp":"2025-11-02T12:26:17.838Z","level":"info","message":"GET /health?ide_webview_request_time=1762086377749 - Request started","request":{"method":"GET","url":"/health?ide_webview_request_time=1762086377749","ip":"::1","userAgent":"Mozilla/5.0 (Windows NT 10.0; Win64; x64) AppleWebKit/537.36 (KHTML, like Gecko) Trae/1.104.3 Chrome/138.0.7204.251 Electron/37.6.1 Safari/537.36"}}
{"timestamp":"2025-11-02T12:26:17.844Z","level":"info","message":"GET /?ide_webview_request_time=1762086377749 - 200 - 6ms","request":{"method":"GET","url":"/?ide_webview_request_time=1762086377749","ip":"::1","userAgent":"Mozilla/5.0 (Windows NT 10.0; Win64; x64) AppleWebKit/537.36 (KHTML, like Gecko) Trae/1.104.3 Chrome/138.0.7204.251 Electron/37.6.1 Safari/537.36"}}
{"timestamp":"2025-11-02T12:27:04.040Z","level":"info","message":"GET /health - Request started","request":{"method":"GET","url":"/health","ip":"::1","userAgent":"curl/8.14.1"}}
{"timestamp":"2025-11-02T12:27:04.042Z","level":"info","message":"GET / - 200 - 2ms","request":{"method":"GET","url":"/","ip":"::1","userAgent":"curl/8.14.1"}}
{"timestamp":"2025-11-02T12:27:18.053Z","level":"info","message":"GET /api/docs/status - Request started","request":{"method":"GET","url":"/api/docs/status","ip":"::1","userAgent":"curl/8.14.1"}}
{"timestamp":"2025-11-02T12:27:18.055Z","level":"info","message":"GET /status - 200 - 2ms","request":{"method":"GET","url":"/status","ip":"::1","userAgent":"curl/8.14.1"}}
{"timestamp":"2025-11-02T12:28:04.533Z","level":"info","message":"GET /api/activities?limit=2 - Request started","request":{"method":"GET","url":"/api/activities?limit=2","ip":"::1","userAgent":"curl/8.14.1"}}
{"timestamp":"2025-11-02T12:28:18.748Z","level":"info","message":"GET /api/users/leaderboard - Request started","request":{"method":"GET","url":"/api/users/leaderboard","ip":"::1","userAgent":"curl/8.14.1"}}
{"timestamp":"2025-11-02T12:28:18.751Z","level":"info","message":"GET /leaderboard - 200 - 3ms","request":{"method":"GET","url":"/leaderboard","ip":"::1","userAgent":"curl/8.14.1"}}
{"timestamp":"2025-11-02T12:28:45.455Z","level":"info","message":"GET /api/monitoring/performance - Request started","request":{"method":"GET","url":"/api/monitoring/performance","ip":"::1","userAgent":"curl/8.14.1"}}
{"timestamp":"2025-11-02T12:29:05.641Z","level":"info","message":"GET /api/monitoring/cache/stats - Request started","request":{"method":"GET","url":"/api/monitoring/cache/stats","ip":"::1","userAgent":"curl/8.14.1"}}
{"timestamp":"2025-11-02T12:29:07.240Z","level":"info","message":"GET /health?ide_webview_request_time=1762086377749 - Request started","request":{"method":"GET","url":"/health?ide_webview_request_time=1762086377749","ip":"::1","userAgent":"Mozilla/5.0 (Windows NT 10.0; Win64; x64) AppleWebKit/537.36 (KHTML, like Gecko) Trae/1.104.3 Chrome/138.0.7204.251 Electron/37.6.1 Safari/537.36"}}
{"timestamp":"2025-11-02T12:29:07.243Z","level":"info","message":"GET /?ide_webview_request_time=1762086377749 - 200 - 3ms","request":{"method":"GET","url":"/?ide_webview_request_time=1762086377749","ip":"::1","userAgent":"Mozilla/5.0 (Windows NT 10.0; Win64; x64) AppleWebKit/537.36 (KHTML, like Gecko) Trae/1.104.3 Chrome/138.0.7204.251 Electron/37.6.1 Safari/537.36"}}
{"timestamp":"2025-11-02T12:29:07.283Z","level":"info","message":"GET /health?ide_webview_request_time=1762086377749 - Request started","request":{"method":"GET","url":"/health?ide_webview_request_time=1762086377749","ip":"::1","userAgent":"Mozilla/5.0 (Windows NT 10.0; Win64; x64) AppleWebKit/537.36 (KHTML, like Gecko) Trae/1.104.3 Chrome/138.0.7204.251 Electron/37.6.1 Safari/537.36"}}
{"timestamp":"2025-11-02T12:29:07.286Z","level":"info","message":"GET /?ide_webview_request_time=1762086377749 - 200 - 3ms","request":{"method":"GET","url":"/?ide_webview_request_time=1762086377749","ip":"::1","userAgent":"Mozilla/5.0 (Windows NT 10.0; Win64; x64) AppleWebKit/537.36 (KHTML, like Gecko) Trae/1.104.3 Chrome/138.0.7204.251 Electron/37.6.1 Safari/537.36"}}
{"timestamp":"2025-11-02T12:29:25.906Z","level":"info","message":"GET /api/monitoring/cache - Request started","request":{"method":"GET","url":"/api/monitoring/cache","ip":"::1","userAgent":"curl/8.14.1"}}
{"timestamp":"2025-11-02T12:30:32.509Z","level":"info","message":"GET /api/docs/status - Request started","request":{"method":"GET","url":"/api/docs/status","ip":"::1","userAgent":"curl/8.14.1"}}
{"timestamp":"2025-11-02T12:30:32.510Z","level":"info","message":"GET /status - 200 - 1ms","request":{"method":"GET","url":"/status","ip":"::1","userAgent":"curl/8.14.1"}}
{"timestamp":"2025-11-02T12:31:16.076Z","level":"info","message":"🚀 Server running on port 3001"}
{"timestamp":"2025-11-02T12:31:16.077Z","level":"info","message":"📱 Frontend URL: http://localhost:5173"}
{"timestamp":"2025-11-02T12:31:16.077Z","level":"info","message":"🌍 Environment: development"}
{"timestamp":"2025-11-02T12:31:45.574Z","level":"info","message":"GET /api/docs/status - Request started","request":{"method":"GET","url":"/api/docs/status","ip":"::1","userAgent":"curl/8.14.1"}}
{"timestamp":"2025-11-02T12:31:45.580Z","level":"info","message":"GET /status - 200 - 6ms","request":{"method":"GET","url":"/status","ip":"::1","userAgent":"curl/8.14.1"}}
{"timestamp":"2025-11-02T12:31:57.811Z","level":"info","message":"GET /api/docs?ide_webview_request_time=1762086717806 - Request started","request":{"method":"GET","url":"/api/docs?ide_webview_request_time=1762086717806","ip":"::1","userAgent":"Mozilla/5.0 (Windows NT 10.0; Win64; x64) AppleWebKit/537.36 (KHTML, like Gecko) Trae/1.104.3 Chrome/138.0.7204.251 Electron/37.6.1 Safari/537.36"}}
{"timestamp":"2025-11-02T12:31:57.815Z","level":"info","message":"GET /?ide_webview_request_time=1762086717806 - 200 - 4ms","request":{"method":"GET","url":"/?ide_webview_request_time=1762086717806","ip":"::1","userAgent":"Mozilla/5.0 (Windows NT 10.0; Win64; x64) AppleWebKit/537.36 (KHTML, like Gecko) Trae/1.104.3 Chrome/138.0.7204.251 Electron/37.6.1 Safari/537.36"}}
